build/app/intermediates/manifest_merge_blame_file/debug/manifest-merger-blame-debug-report.txt
1<?xml version="1.0" encoding="utf-8"?>
2<manifest xmlns:android="http://schemas.android.com/apk/res/android"
3    package="com.example.educonnect"
4    android:versionCode="1"
5    android:versionName="1.0.0" >
6
7    <uses-sdk
8        android:minSdkVersion="23"
9        android:targetSdkVersion="34" />
10    <!--
11         The INTERNET permission is required for development. Specifically,
12         the Flutter tool needs it to communicate with the running application
13         to allow setting breakpoints, to provide hot reload, etc.
14    -->
15    <uses-permission android:name="android.permission.INTERNET" />
15-->src\main\AndroidManifest.xml:2:5-66
15-->src\main\AndroidManifest.xml:2:22-64
16    <uses-permission android:name="android.permission.ACCESS_NETWORK_STATE" />
16-->src\main\AndroidManifest.xml:3:5-78
16-->src\main\AndroidManifest.xml:3:22-76
17    <uses-permission android:name="android.permission.RECEIVE_BOOT_COMPLETED" />
17-->src\main\AndroidManifest.xml:4:5-80
17-->src\main\AndroidManifest.xml:4:22-78
18    <!--
19 Required to query activities that can process text, see:
20         https://developer.android.com/training/package-visibility?hl=en and
21         https://developer.android.com/reference/android/content/Intent#ACTION_PROCESS_TEXT.
22
23         In particular, this is used by the Flutter engine in io.flutter.plugin.text.ProcessTextPlugin.
24    -->
25    <queries>
25-->src\main\AndroidManifest.xml:47:5-52:15
26        <intent>
26-->src\main\AndroidManifest.xml:48:9-51:18
27            <action android:name="android.intent.action.PROCESS_TEXT" />
27-->src\main\AndroidManifest.xml:49:13-72
27-->src\main\AndroidManifest.xml:49:21-70
28
29            <data android:mimeType="text/plain" />
29-->src\main\AndroidManifest.xml:50:13-50
29-->src\main\AndroidManifest.xml:50:19-48
30        </intent>
31    </queries>
32
33    <uses-permission android:name="android.permission.WAKE_LOCK" /> <!-- Permissions options for the `notification` group -->
33-->[:firebase_analytics] AndroidManifest.xml:11:5-68
33-->[:firebase_analytics] AndroidManifest.xml:11:22-65
34    <uses-permission android:name="android.permission.POST_NOTIFICATIONS" />
34-->[:firebase_messaging] AndroidManifest.xml:13:5-77
34-->[:firebase_messaging] AndroidManifest.xml:13:22-74
35    <uses-permission android:name="android.permission.VIBRATE" />
35-->[:flutter_local_notifications] AndroidManifest.xml:9:5-66
35-->[:flutter_local_notifications] AndroidManifest.xml:9:22-63
36    <uses-permission android:name="com.google.android.gms.permission.AD_ID" />
36-->[com.google.android.gms:play-services-measurement-api:22.1.2] AndroidManifest.xml:25:5-79
36-->[com.google.android.gms:play-services-measurement-api:22.1.2] AndroidManifest.xml:25:22-76
37    <uses-permission android:name="android.permission.ACCESS_ADSERVICES_ATTRIBUTION" />
37-->[com.google.android.gms:play-services-measurement-api:22.1.2] AndroidManifest.xml:26:5-88
37-->[com.google.android.gms:play-services-measurement-api:22.1.2] AndroidManifest.xml:26:22-85
38    <uses-permission android:name="android.permission.ACCESS_ADSERVICES_AD_ID" /> <!-- Required by older versions of Google Play services to create IID tokens -->
38-->[com.google.android.gms:play-services-measurement-api:22.1.2] AndroidManifest.xml:27:5-82
38-->[com.google.android.gms:play-services-measurement-api:22.1.2] AndroidManifest.xml:27:22-79
39    <uses-permission android:name="com.google.android.c2dm.permission.RECEIVE" />
39-->[com.google.firebase:firebase-messaging:24.0.3] AndroidManifest.xml:26:5-82
39-->[com.google.firebase:firebase-messaging:24.0.3] AndroidManifest.xml:26:22-79
40    <uses-permission android:name="com.google.android.providers.gsf.permission.READ_GSERVICES" />
40-->[com.google.android.recaptcha:recaptcha:18.5.1] AndroidManifest.xml:9:5-98
40-->[com.google.android.recaptcha:recaptcha:18.5.1] AndroidManifest.xml:9:22-95
41    <uses-permission android:name="com.google.android.finsky.permission.BIND_GET_INSTALL_REFERRER_SERVICE" />
41-->[com.google.android.gms:play-services-measurement:22.1.2] AndroidManifest.xml:26:5-110
41-->[com.google.android.gms:play-services-measurement:22.1.2] AndroidManifest.xml:26:22-107
42
43    <permission
43-->[androidx.core:core:1.13.1] AndroidManifest.xml:22:5-24:47
44        android:name="com.example.educonnect.DYNAMIC_RECEIVER_NOT_EXPORTED_PERMISSION"
44-->[androidx.core:core:1.13.1] AndroidManifest.xml:23:9-81
45        android:protectionLevel="signature" />
45-->[androidx.core:core:1.13.1] AndroidManifest.xml:24:9-44
46
47    <uses-permission android:name="com.example.educonnect.DYNAMIC_RECEIVER_NOT_EXPORTED_PERMISSION" />
47-->[androidx.core:core:1.13.1] AndroidManifest.xml:26:5-97
47-->[androidx.core:core:1.13.1] AndroidManifest.xml:26:22-94
48
49    <application
50        android:name="android.app.Application"
51        android:appComponentFactory="androidx.core.app.CoreComponentFactory"
51-->[androidx.core:core:1.13.1] AndroidManifest.xml:28:18-86
52        android:debuggable="true"
53        android:extractNativeLibs="false"
54        android:icon="@mipmap/ic_launcher"
55        android:label="educonnect" >
56        <activity
57            android:name="com.example.educonnect.MainActivity"
58            android:configChanges="orientation|keyboardHidden|keyboard|screenSize|smallestScreenSize|locale|layoutDirection|fontScale|screenLayout|density|uiMode"
59            android:exported="true"
60            android:hardwareAccelerated="true"
61            android:launchMode="singleTop"
62            android:theme="@style/LaunchTheme"
63            android:windowSoftInputMode="adjustResize" >
64
65            <!--
66                 Specifies an Android theme to apply to this Activity as soon as
67                 the Android process has started. This theme is visible to the user
68                 while the Flutter UI initializes. After that, this theme continues
69                 to determine the Window background behind the Flutter UI.
70            -->
71            <meta-data
72                android:name="io.flutter.embedding.android.NormalTheme"
73                android:resource="@style/NormalTheme" />
74
75            <intent-filter>
76                <action android:name="android.intent.action.MAIN" />
77
78                <category android:name="android.intent.category.LAUNCHER" />
79
80                <action android:name="android.intent.action.VIEW" />
80-->[com.google.firebase:firebase-auth:23.1.0] AndroidManifest.xml:36:17-69
80-->[com.google.firebase:firebase-auth:23.1.0] AndroidManifest.xml:36:25-66
81
82                <category android:name="android.intent.category.DEFAULT" />
82-->[com.google.firebase:firebase-auth:23.1.0] AndroidManifest.xml:38:17-76
82-->[com.google.firebase:firebase-auth:23.1.0] AndroidManifest.xml:38:27-73
83                <category android:name="android.intent.category.BROWSABLE" />
83-->[com.google.firebase:firebase-auth:23.1.0] AndroidManifest.xml:39:17-78
83-->[com.google.firebase:firebase-auth:23.1.0] AndroidManifest.xml:39:27-75
84
85                <data android:scheme="http" />
85-->src\main\AndroidManifest.xml:50:13-50
86                <data android:scheme="https" />
86-->src\main\AndroidManifest.xml:50:13-50
87            </intent-filter>
88        </activity>
89        <!--
90             Don't delete the meta-data below.
91             This is used by the Flutter tool to generate GeneratedPluginRegistrant.java
92        -->
93        <meta-data
94            android:name="flutterEmbedding"
95            android:value="2" />
96
97        <service
97-->[:cloud_firestore] AndroidManifest.xml:10:9-14:19
98            android:name="com.google.firebase.components.ComponentDiscoveryService"
98-->[:cloud_firestore] AndroidManifest.xml:10:18-89
99            android:directBootAware="true"
99-->[com.google.firebase:firebase-common:21.0.0] AndroidManifest.xml:32:13-43
100            android:exported="false" >
100-->[com.google.firebase:firebase-firestore:25.1.1] AndroidManifest.xml:16:13-37
101            <meta-data
101-->[:cloud_firestore] AndroidManifest.xml:11:13-13:85
102                android:name="com.google.firebase.components:io.flutter.plugins.firebase.firestore.FlutterFirebaseFirestoreRegistrar"
102-->[:cloud_firestore] AndroidManifest.xml:12:17-134
103                android:value="com.google.firebase.components.ComponentRegistrar" />
103-->[:cloud_firestore] AndroidManifest.xml:13:17-82
104            <meta-data
104-->[:firebase_analytics] AndroidManifest.xml:15:13-17:85
105                android:name="com.google.firebase.components:io.flutter.plugins.firebase.analytics.FlutterFirebaseAppRegistrar"
105-->[:firebase_analytics] AndroidManifest.xml:16:17-128
106                android:value="com.google.firebase.components.ComponentRegistrar" />
106-->[:firebase_analytics] AndroidManifest.xml:17:17-82
107            <meta-data
107-->[:firebase_app_check] AndroidManifest.xml:11:13-13:85
108                android:name="com.google.firebase.components:io.flutter.plugins.firebase.appcheck.FlutterFirebaseAppRegistrar"
108-->[:firebase_app_check] AndroidManifest.xml:12:17-127
109                android:value="com.google.firebase.components.ComponentRegistrar" />
109-->[:firebase_app_check] AndroidManifest.xml:13:17-82
110            <meta-data
110-->[:firebase_auth] AndroidManifest.xml:11:13-13:85
111                android:name="com.google.firebase.components:io.flutter.plugins.firebase.auth.FlutterFirebaseAuthRegistrar"
111-->[:firebase_auth] AndroidManifest.xml:12:17-124
112                android:value="com.google.firebase.components.ComponentRegistrar" />
112-->[:firebase_auth] AndroidManifest.xml:13:17-82
113            <meta-data
113-->[:firebase_messaging] AndroidManifest.xml:38:13-40:85
114                android:name="com.google.firebase.components:io.flutter.plugins.firebase.messaging.FlutterFirebaseAppRegistrar"
114-->[:firebase_messaging] AndroidManifest.xml:39:17-128
115                android:value="com.google.firebase.components.ComponentRegistrar" />
115-->[:firebase_messaging] AndroidManifest.xml:40:17-82
116            <meta-data
116-->[:firebase_storage] AndroidManifest.xml:11:13-13:85
117                android:name="com.google.firebase.components:io.flutter.plugins.firebase.storage.FlutterFirebaseAppRegistrar"
117-->[:firebase_storage] AndroidManifest.xml:12:17-126
118                android:value="com.google.firebase.components.ComponentRegistrar" />
118-->[:firebase_storage] AndroidManifest.xml:13:17-82
119            <meta-data
119-->[:firebase_core] AndroidManifest.xml:11:13-13:85
120                android:name="com.google.firebase.components:io.flutter.plugins.firebase.core.FlutterFirebaseCoreRegistrar"
120-->[:firebase_core] AndroidManifest.xml:12:17-124
121                android:value="com.google.firebase.components.ComponentRegistrar" />
121-->[:firebase_core] AndroidManifest.xml:13:17-82
122            <meta-data
122-->[com.google.firebase:firebase-firestore:25.1.1] AndroidManifest.xml:17:13-19:85
123                android:name="com.google.firebase.components:com.google.firebase.firestore.FirebaseFirestoreKtxRegistrar"
123-->[com.google.firebase:firebase-firestore:25.1.1] AndroidManifest.xml:18:17-122
124                android:value="com.google.firebase.components.ComponentRegistrar" />
124-->[com.google.firebase:firebase-firestore:25.1.1] AndroidManifest.xml:19:17-82
125            <meta-data
125-->[com.google.firebase:firebase-firestore:25.1.1] AndroidManifest.xml:20:13-22:85
126                android:name="com.google.firebase.components:com.google.firebase.firestore.FirestoreRegistrar"
126-->[com.google.firebase:firebase-firestore:25.1.1] AndroidManifest.xml:21:17-111
127                android:value="com.google.firebase.components.ComponentRegistrar" />
127-->[com.google.firebase:firebase-firestore:25.1.1] AndroidManifest.xml:22:17-82
128            <meta-data
128-->[com.google.android.gms:play-services-measurement-api:22.1.2] AndroidManifest.xml:37:13-39:85
129                android:name="com.google.firebase.components:com.google.firebase.analytics.connector.internal.AnalyticsConnectorRegistrar"
129-->[com.google.android.gms:play-services-measurement-api:22.1.2] AndroidManifest.xml:38:17-139
130                android:value="com.google.firebase.components.ComponentRegistrar" />
130-->[com.google.android.gms:play-services-measurement-api:22.1.2] AndroidManifest.xml:39:17-82
131            <meta-data
131-->[com.google.firebase:firebase-auth:23.1.0] AndroidManifest.xml:69:13-71:85
132                android:name="com.google.firebase.components:com.google.firebase.auth.FirebaseAuthRegistrar"
132-->[com.google.firebase:firebase-auth:23.1.0] AndroidManifest.xml:70:17-109
133                android:value="com.google.firebase.components.ComponentRegistrar" />
133-->[com.google.firebase:firebase-auth:23.1.0] AndroidManifest.xml:71:17-82
134            <meta-data
134-->[com.google.firebase:firebase-appcheck-debug:18.0.0] AndroidManifest.xml:25:13-27:85
135                android:name="com.google.firebase.components:com.google.firebase.appcheck.debug.FirebaseAppCheckDebugRegistrar"
135-->[com.google.firebase:firebase-appcheck-debug:18.0.0] AndroidManifest.xml:26:17-128
136                android:value="com.google.firebase.components.ComponentRegistrar" />
136-->[com.google.firebase:firebase-appcheck-debug:18.0.0] AndroidManifest.xml:27:17-82
137            <meta-data
137-->[com.google.firebase:firebase-appcheck-playintegrity:18.0.0] AndroidManifest.xml:25:13-27:85
138                android:name="com.google.firebase.components:com.google.firebase.appcheck.playintegrity.FirebaseAppCheckPlayIntegrityRegistrar"
138-->[com.google.firebase:firebase-appcheck-playintegrity:18.0.0] AndroidManifest.xml:26:17-144
139                android:value="com.google.firebase.components.ComponentRegistrar" />
139-->[com.google.firebase:firebase-appcheck-playintegrity:18.0.0] AndroidManifest.xml:27:17-82
140            <meta-data
140-->[com.google.firebase:firebase-messaging:24.0.3] AndroidManifest.xml:57:13-59:85
141                android:name="com.google.firebase.components:com.google.firebase.messaging.FirebaseMessagingKtxRegistrar"
141-->[com.google.firebase:firebase-messaging:24.0.3] AndroidManifest.xml:58:17-122
142                android:value="com.google.firebase.components.ComponentRegistrar" />
142-->[com.google.firebase:firebase-messaging:24.0.3] AndroidManifest.xml:59:17-82
143            <meta-data
143-->[com.google.firebase:firebase-messaging:24.0.3] AndroidManifest.xml:60:13-62:85
144                android:name="com.google.firebase.components:com.google.firebase.messaging.FirebaseMessagingRegistrar"
144-->[com.google.firebase:firebase-messaging:24.0.3] AndroidManifest.xml:61:17-119
145                android:value="com.google.firebase.components.ComponentRegistrar" />
145-->[com.google.firebase:firebase-messaging:24.0.3] AndroidManifest.xml:62:17-82
146            <meta-data
146-->[com.google.firebase:firebase-storage:21.0.1] AndroidManifest.xml:30:13-32:85
147                android:name="com.google.firebase.components:com.google.firebase.storage.FirebaseStorageKtxRegistrar"
147-->[com.google.firebase:firebase-storage:21.0.1] AndroidManifest.xml:31:17-118
148                android:value="com.google.firebase.components.ComponentRegistrar" />
148-->[com.google.firebase:firebase-storage:21.0.1] AndroidManifest.xml:32:17-82
149            <meta-data
149-->[com.google.firebase:firebase-storage:21.0.1] AndroidManifest.xml:33:13-35:85
150                android:name="com.google.firebase.components:com.google.firebase.storage.StorageRegistrar"
150-->[com.google.firebase:firebase-storage:21.0.1] AndroidManifest.xml:34:17-107
151                android:value="com.google.firebase.components.ComponentRegistrar" />
151-->[com.google.firebase:firebase-storage:21.0.1] AndroidManifest.xml:35:17-82
152            <meta-data
152-->[com.google.firebase:firebase-appcheck-safetynet:16.1.2] AndroidManifest.xml:27:13-29:85
153                android:name="com.google.firebase.components:com.google.firebase.appcheck.safetynet.FirebaseAppCheckSafetyNetRegistrar"
153-->[com.google.firebase:firebase-appcheck-safetynet:16.1.2] AndroidManifest.xml:28:17-136
154                android:value="com.google.firebase.components.ComponentRegistrar" />
154-->[com.google.firebase:firebase-appcheck-safetynet:16.1.2] AndroidManifest.xml:29:17-82
155            <meta-data
155-->[com.google.firebase:firebase-appcheck:18.0.0] AndroidManifest.xml:25:13-27:85
156                android:name="com.google.firebase.components:com.google.firebase.appcheck.FirebaseAppCheckKtxRegistrar"
156-->[com.google.firebase:firebase-appcheck:18.0.0] AndroidManifest.xml:26:17-120
157                android:value="com.google.firebase.components.ComponentRegistrar" />
157-->[com.google.firebase:firebase-appcheck:18.0.0] AndroidManifest.xml:27:17-82
158            <meta-data
158-->[com.google.firebase:firebase-appcheck:18.0.0] AndroidManifest.xml:28:13-30:85
159                android:name="com.google.firebase.components:com.google.firebase.appcheck.FirebaseAppCheckRegistrar"
159-->[com.google.firebase:firebase-appcheck:18.0.0] AndroidManifest.xml:29:17-117
160                android:value="com.google.firebase.components.ComponentRegistrar" />
160-->[com.google.firebase:firebase-appcheck:18.0.0] AndroidManifest.xml:30:17-82
161            <meta-data
161-->[com.google.firebase:firebase-installations:18.0.0] AndroidManifest.xml:15:13-17:85
162                android:name="com.google.firebase.components:com.google.firebase.installations.FirebaseInstallationsKtxRegistrar"
162-->[com.google.firebase:firebase-installations:18.0.0] AndroidManifest.xml:16:17-130
163                android:value="com.google.firebase.components.ComponentRegistrar" />
163-->[com.google.firebase:firebase-installations:18.0.0] AndroidManifest.xml:17:17-82
164            <meta-data
164-->[com.google.firebase:firebase-installations:18.0.0] AndroidManifest.xml:18:13-20:85
165                android:name="com.google.firebase.components:com.google.firebase.installations.FirebaseInstallationsRegistrar"
165-->[com.google.firebase:firebase-installations:18.0.0] AndroidManifest.xml:19:17-127
166                android:value="com.google.firebase.components.ComponentRegistrar" />
166-->[com.google.firebase:firebase-installations:18.0.0] AndroidManifest.xml:20:17-82
167            <meta-data
167-->[com.google.firebase:firebase-common-ktx:21.0.0] AndroidManifest.xml:12:13-14:85
168                android:name="com.google.firebase.components:com.google.firebase.ktx.FirebaseCommonLegacyRegistrar"
168-->[com.google.firebase:firebase-common-ktx:21.0.0] AndroidManifest.xml:13:17-116
169                android:value="com.google.firebase.components.ComponentRegistrar" />
169-->[com.google.firebase:firebase-common-ktx:21.0.0] AndroidManifest.xml:14:17-82
170            <meta-data
170-->[com.google.firebase:firebase-common:21.0.0] AndroidManifest.xml:35:13-37:85
171                android:name="com.google.firebase.components:com.google.firebase.FirebaseCommonKtxRegistrar"
171-->[com.google.firebase:firebase-common:21.0.0] AndroidManifest.xml:36:17-109
172                android:value="com.google.firebase.components.ComponentRegistrar" />
172-->[com.google.firebase:firebase-common:21.0.0] AndroidManifest.xml:37:17-82
173            <meta-data
173-->[com.google.firebase:firebase-datatransport:18.2.0] AndroidManifest.xml:25:13-27:85
174                android:name="com.google.firebase.components:com.google.firebase.datatransport.TransportRegistrar"
174-->[com.google.firebase:firebase-datatransport:18.2.0] AndroidManifest.xml:26:17-115
175                android:value="com.google.firebase.components.ComponentRegistrar" />
175-->[com.google.firebase:firebase-datatransport:18.2.0] AndroidManifest.xml:27:17-82
176        </service>
177        <service
177-->[:firebase_messaging] AndroidManifest.xml:16:9-19:72
178            android:name="io.flutter.plugins.firebase.messaging.FlutterFirebaseMessagingBackgroundService"
178-->[:firebase_messaging] AndroidManifest.xml:17:13-107
179            android:exported="false"
179-->[:firebase_messaging] AndroidManifest.xml:18:13-37
180            android:permission="android.permission.BIND_JOB_SERVICE" />
180-->[:firebase_messaging] AndroidManifest.xml:19:13-69
181        <service
181-->[:firebase_messaging] AndroidManifest.xml:20:9-26:19
182            android:name="io.flutter.plugins.firebase.messaging.FlutterFirebaseMessagingService"
182-->[:firebase_messaging] AndroidManifest.xml:21:13-97
183            android:exported="false" >
183-->[:firebase_messaging] AndroidManifest.xml:22:13-37
184            <intent-filter>
184-->[:firebase_messaging] AndroidManifest.xml:23:13-25:29
185                <action android:name="com.google.firebase.MESSAGING_EVENT" />
185-->[:firebase_messaging] AndroidManifest.xml:24:17-78
185-->[:firebase_messaging] AndroidManifest.xml:24:25-75
186            </intent-filter>
187        </service>
188
189        <receiver
189-->[:firebase_messaging] AndroidManifest.xml:28:9-35:20
190            android:name="io.flutter.plugins.firebase.messaging.FlutterFirebaseMessagingReceiver"
190-->[:firebase_messaging] AndroidManifest.xml:29:13-98
191            android:exported="true"
191-->[:firebase_messaging] AndroidManifest.xml:30:13-36
192            android:permission="com.google.android.c2dm.permission.SEND" >
192-->[:firebase_messaging] AndroidManifest.xml:31:13-73
193            <intent-filter>
193-->[:firebase_messaging] AndroidManifest.xml:32:13-34:29
194                <action android:name="com.google.android.c2dm.intent.RECEIVE" />
194-->[:firebase_messaging] AndroidManifest.xml:33:17-81
194-->[:firebase_messaging] AndroidManifest.xml:33:25-78
195            </intent-filter>
196        </receiver>
197
198        <provider
198-->[:firebase_messaging] AndroidManifest.xml:43:9-47:38
199            android:name="io.flutter.plugins.firebase.messaging.FlutterFirebaseMessagingInitProvider"
199-->[:firebase_messaging] AndroidManifest.xml:44:13-102
200            android:authorities="com.example.educonnect.flutterfirebasemessaginginitprovider"
200-->[:firebase_messaging] AndroidManifest.xml:45:13-88
201            android:exported="false"
201-->[:firebase_messaging] AndroidManifest.xml:46:13-37
202            android:initOrder="99" />
202-->[:firebase_messaging] AndroidManifest.xml:47:13-35
203        <provider
203-->[:image_picker_android] AndroidManifest.xml:11:9-19:20
204            android:name="io.flutter.plugins.imagepicker.ImagePickerFileProvider"
204-->[:image_picker_android] AndroidManifest.xml:12:13-82
205            android:authorities="com.example.educonnect.flutter.image_provider"
205-->[:image_picker_android] AndroidManifest.xml:13:13-74
206            android:exported="false"
206-->[:image_picker_android] AndroidManifest.xml:14:13-37
207            android:grantUriPermissions="true" >
207-->[:image_picker_android] AndroidManifest.xml:15:13-47
208            <meta-data
208-->[:image_picker_android] AndroidManifest.xml:16:13-18:75
209                android:name="android.support.FILE_PROVIDER_PATHS"
209-->[:image_picker_android] AndroidManifest.xml:17:17-67
210                android:resource="@xml/flutter_image_picker_file_paths" />
210-->[:image_picker_android] AndroidManifest.xml:18:17-72
211        </provider> <!-- Trigger Google Play services to install the backported photo picker module. -->
212        <service
212-->[:image_picker_android] AndroidManifest.xml:21:9-33:19
213            android:name="com.google.android.gms.metadata.ModuleDependencies"
213-->[:image_picker_android] AndroidManifest.xml:22:13-78
214            android:enabled="false"
214-->[:image_picker_android] AndroidManifest.xml:23:13-36
215            android:exported="false" >
215-->[:image_picker_android] AndroidManifest.xml:24:13-37
216            <intent-filter>
216-->[:image_picker_android] AndroidManifest.xml:26:13-28:29
217                <action android:name="com.google.android.gms.metadata.MODULE_DEPENDENCIES" />
217-->[:image_picker_android] AndroidManifest.xml:27:17-94
217-->[:image_picker_android] AndroidManifest.xml:27:25-91
218            </intent-filter>
219
220            <meta-data
220-->[:image_picker_android] AndroidManifest.xml:30:13-32:36
221                android:name="photopicker_activity:0:required"
221-->[:image_picker_android] AndroidManifest.xml:31:17-63
222                android:value="" />
222-->[:image_picker_android] AndroidManifest.xml:32:17-33
223        </service>
224
225        <activity
225-->[:url_launcher_android] AndroidManifest.xml:10:9-13:74
226            android:name="io.flutter.plugins.urllauncher.WebViewActivity"
226-->[:url_launcher_android] AndroidManifest.xml:11:13-74
227            android:exported="false"
227-->[:url_launcher_android] AndroidManifest.xml:12:13-37
228            android:theme="@android:style/Theme.NoTitleBar.Fullscreen" />
228-->[:url_launcher_android] AndroidManifest.xml:13:13-71
229
230        <property
230-->[com.google.android.gms:play-services-measurement-api:22.1.2] AndroidManifest.xml:30:9-32:61
231            android:name="android.adservices.AD_SERVICES_CONFIG"
231-->[com.google.android.gms:play-services-measurement-api:22.1.2] AndroidManifest.xml:31:13-65
232            android:resource="@xml/ga_ad_services_config" />
232-->[com.google.android.gms:play-services-measurement-api:22.1.2] AndroidManifest.xml:32:13-58
233
234        <activity
234-->[com.google.firebase:firebase-auth:23.1.0] AndroidManifest.xml:29:9-46:20
235            android:name="com.google.firebase.auth.internal.GenericIdpActivity"
235-->[com.google.firebase:firebase-auth:23.1.0] AndroidManifest.xml:30:13-80
236            android:excludeFromRecents="true"
236-->[com.google.firebase:firebase-auth:23.1.0] AndroidManifest.xml:31:13-46
237            android:exported="true"
237-->[com.google.firebase:firebase-auth:23.1.0] AndroidManifest.xml:32:13-36
238            android:launchMode="singleTask"
238-->[com.google.firebase:firebase-auth:23.1.0] AndroidManifest.xml:33:13-44
239            android:theme="@android:style/Theme.Translucent.NoTitleBar" >
239-->[com.google.firebase:firebase-auth:23.1.0] AndroidManifest.xml:34:13-72
240            <intent-filter>
240-->[com.google.firebase:firebase-auth:23.1.0] AndroidManifest.xml:35:13-45:29
241                <action android:name="android.intent.action.VIEW" />
241-->[com.google.firebase:firebase-auth:23.1.0] AndroidManifest.xml:36:17-69
241-->[com.google.firebase:firebase-auth:23.1.0] AndroidManifest.xml:36:25-66
242
243                <category android:name="android.intent.category.DEFAULT" />
243-->[com.google.firebase:firebase-auth:23.1.0] AndroidManifest.xml:38:17-76
243-->[com.google.firebase:firebase-auth:23.1.0] AndroidManifest.xml:38:27-73
244                <category android:name="android.intent.category.BROWSABLE" />
244-->[com.google.firebase:firebase-auth:23.1.0] AndroidManifest.xml:39:17-78
244-->[com.google.firebase:firebase-auth:23.1.0] AndroidManifest.xml:39:27-75
245
246                <data
246-->src\main\AndroidManifest.xml:50:13-50
247                    android:host="firebase.auth"
248                    android:path="/"
249                    android:scheme="genericidp" />
250            </intent-filter>
251        </activity>
252        <activity
252-->[com.google.firebase:firebase-auth:23.1.0] AndroidManifest.xml:47:9-64:20
253            android:name="com.google.firebase.auth.internal.RecaptchaActivity"
253-->[com.google.firebase:firebase-auth:23.1.0] AndroidManifest.xml:48:13-79
254            android:excludeFromRecents="true"
254-->[com.google.firebase:firebase-auth:23.1.0] AndroidManifest.xml:49:13-46
255            android:exported="true"
255-->[com.google.firebase:firebase-auth:23.1.0] AndroidManifest.xml:50:13-36
256            android:launchMode="singleTask"
256-->[com.google.firebase:firebase-auth:23.1.0] AndroidManifest.xml:51:13-44
257            android:theme="@android:style/Theme.Translucent.NoTitleBar" >
257-->[com.google.firebase:firebase-auth:23.1.0] AndroidManifest.xml:52:13-72
258            <intent-filter>
258-->[com.google.firebase:firebase-auth:23.1.0] AndroidManifest.xml:53:13-63:29
259                <action android:name="android.intent.action.VIEW" />
259-->[com.google.firebase:firebase-auth:23.1.0] AndroidManifest.xml:36:17-69
259-->[com.google.firebase:firebase-auth:23.1.0] AndroidManifest.xml:36:25-66
260
261                <category android:name="android.intent.category.DEFAULT" />
261-->[com.google.firebase:firebase-auth:23.1.0] AndroidManifest.xml:38:17-76
261-->[com.google.firebase:firebase-auth:23.1.0] AndroidManifest.xml:38:27-73
262                <category android:name="android.intent.category.BROWSABLE" />
262-->[com.google.firebase:firebase-auth:23.1.0] AndroidManifest.xml:39:17-78
262-->[com.google.firebase:firebase-auth:23.1.0] AndroidManifest.xml:39:27-75
263
264                <data
264-->src\main\AndroidManifest.xml:50:13-50
265                    android:host="firebase.auth"
266                    android:path="/"
267                    android:scheme="recaptcha" />
268            </intent-filter>
269        </activity>
270
271        <receiver
271-->[com.google.firebase:firebase-messaging:24.0.3] AndroidManifest.xml:29:9-40:20
272            android:name="com.google.firebase.iid.FirebaseInstanceIdReceiver"
272-->[com.google.firebase:firebase-messaging:24.0.3] AndroidManifest.xml:30:13-78
273            android:exported="true"
273-->[com.google.firebase:firebase-messaging:24.0.3] AndroidManifest.xml:31:13-36
274            android:permission="com.google.android.c2dm.permission.SEND" >
274-->[com.google.firebase:firebase-messaging:24.0.3] AndroidManifest.xml:32:13-73
275            <intent-filter>
275-->[:firebase_messaging] AndroidManifest.xml:32:13-34:29